<?xml version="1.0" encoding="UTF-8"?>
<testng-results ignored="0" total="1" passed="1" failed="0" skipped="0">
  <reporter-output>
  </reporter-output>
  <suite started-at="2026-06-13T14:35:54 IST" name="Suite" finished-at="2026-06-13T14:37:23 IST" duration-ms="89482">
    <groups>
    </groups>
    <test started-at="2026-06-13T14:35:54 IST" name="Test" finished-at="2026-06-13T14:37:23 IST" duration-ms="89482">
      <class name="pageobjectmodel.TestMethod2">
        <test-method is-config="true" signature="preset()[pri:0, instance:pageobjectmodel.TestMethod2@163e4e87]" started-at="2026-06-13T14:35:54 IST" name="preset" finished-at="2026-06-13T14:37:13 IST" duration-ms="79511" status="PASS">
          <reporter-output>
          </reporter-output>
        </test-method> <!-- preset -->
        <test-method signature="login()[pri:0, instance:pageobjectmodel.TestMethod2@163e4e87]" started-at="2026-06-13T14:37:13 IST" name="login" finished-at="2026-06-13T14:37:22 IST" duration-ms="9235" status="PASS">
          <reporter-output>
          </reporter-output>
        </test-method> <!-- login -->
        <test-method is-config="true" signature="close()[pri:0, instance:pageobjectmodel.TestMethod2@163e4e87]" started-at="2026-06-13T14:37:22 IST" name="close" finished-at="2026-06-13T14:37:23 IST" duration-ms="666" status="PASS">
          <reporter-output>
          </reporter-output>
        </test-method> <!-- close -->
      </class> <!-- pageobjectmodel.TestMethod2 -->
    </test> <!-- Test -->
  </suite> <!-- Suite -->
</testng-results>
