<?xml version="1.0" encoding="UTF-8"?>
<!-- Generated by org.testng.reporters.JUnitReportReporter -->
<testsuite hostname="LAPTOP-1CT0PD3E" failures="0" tests="2" name="allAnnotations.AnnotationTest" time="0.009" errors="0" timestamp="2026-04-05T14:46:02 IST" skipped="0">
  <testcase classname="allAnnotations.AnnotationTest" name="testMethod1" time="0.006"/>
  <testcase classname="allAnnotations.AnnotationTest" name="testMethod2" time="0.003"/>
</testsuite> <!-- allAnnotations.AnnotationTest -->
