<?xml version="1.0" encoding="UTF-8"?>
<!-- Generated by org.testng.reporters.JUnitReportReporter -->
<testsuite hostname="LAPTOP-1CT0PD3E" failures="0" tests="3" name="testng.testngcase05" time="0.011" errors="0" timestamp="2026-04-05T14:19:52 IST" skipped="0">
  <testcase classname="testng.testngcase05" name="B1" time="0.003"/>
  <testcase classname="testng.testngcase05" name="B1" time="0.002"/>
  <testcase classname="testng.testngcase05" name="B1" time="0.006"/>
</testsuite> <!-- testng.testngcase05 -->
