<?xml version="1.0" encoding="UTF-8"?>
<!-- Generated by org.testng.reporters.JUnitReportReporter -->
<testsuite hostname="LAPTOP-1CT0PD3E" failures="0" tests="3" name="testng.testcase01" time="5.672" errors="0" timestamp="2026-04-04T15:21:31 IST" skipped="0">
  <testcase classname="testng.testcase01" name="signup" time="3.492"/>
  <testcase classname="testng.testcase01" name="login" time="1.581"/>
  <testcase classname="testng.testcase01" name="my_profile" time="0.599"/>
</testsuite> <!-- testng.testcase01 -->
