<?xml version="1.0" encoding="UTF-8"?>
<!-- Generated by org.testng.reporters.JUnitReportReporter -->
<testsuite hostname="LAPTOP-1CT0PD3E" failures="0" tests="3" name="testng.testngcase06" time="0.005" errors="0" timestamp="2026-04-05T14:19:52 IST" skipped="0">
  <testcase classname="testng.testngcase06" name="sm" time="0.001"/>
  <testcase classname="testng.testngcase06" name="sm" time="0.001"/>
  <testcase classname="testng.testngcase06" name="sm" time="0.003"/>
</testsuite> <!-- testng.testngcase06 -->
