<?xml version="1.0" encoding="UTF-8"?>
<!-- Generated by org.testng.reporters.JUnitReportReporter -->
<testsuite hostname="LAPTOP-1CT0PD3E" failures="0" tests="3" name="testng.testngcase04" time="0.010" errors="0" timestamp="2026-04-05T14:19:52 IST" skipped="0">
  <testcase classname="testng.testngcase04" name="A1" time="0.005"/>
  <testcase classname="testng.testngcase04" name="A1" time="0.004"/>
  <testcase classname="testng.testngcase04" name="A1" time="0.001"/>
</testsuite> <!-- testng.testngcase04 -->
