<?xml version="1.0" encoding="UTF-8"?>
<!-- Generated by org.testng.reporters.JUnitReportReporter -->
<testsuite hostname="LAPTOP-1CT0PD3E" failures="0" tests="3" name="testng.testngcase02" time="13.045" errors="0" timestamp="2026-04-04T15:21:31 IST" skipped="0">
  <testcase classname="testng.testngcase02" name="openAmazon" time="4.102"/>
  <testcase classname="testng.testngcase02" name="enterCredentials" time="5.481"/>
  <testcase classname="testng.testngcase02" name="nextPage" time="3.462"/>
</testsuite> <!-- testng.testngcase02 -->
