<?xml version="1.0" encoding="UTF-8"?>
<!-- Generated by org.testng.reporters.JUnitReportReporter -->
<testsuite hostname="LAPTOP-1CT0PD3E" failures="0" tests="3" name="testng.testngcase01" time="10.057" errors="0" timestamp="2026-04-04T15:21:31 IST" skipped="0">
  <testcase classname="testng.testngcase01" name="openFacebook" time="5.568"/>
  <testcase classname="testng.testngcase01" name="inputCredentials" time="2.615"/>
  <testcase classname="testng.testngcase01" name="loginAndClose" time="1.874"/>
</testsuite> <!-- testng.testngcase01 -->
